[debug] [2025-11-13T17:42:21.440Z] ----------------------------------------------------------------------
[debug] [2025-11-13T17:42:21.444Z] Command:       C:\Program Files\nodejs\node.exe C:\Users\ahmed\AppData\Roaming\npm\node_modules\firebase-tools\lib\bin\firebase.js init
[debug] [2025-11-13T17:42:21.444Z] CLI Version:   14.24.2
[debug] [2025-11-13T17:42:21.444Z] Platform:      win32
[debug] [2025-11-13T17:42:21.444Z] Node Version:  v22.17.0
[debug] [2025-11-13T17:42:21.444Z] Time:          Thu Nov 13 2025 23:42:21 GMT+0600 (Bangladesh Standard Time)
[debug] [2025-11-13T17:42:21.445Z] ----------------------------------------------------------------------
[debug] 
[info] 
     ######## #### ########  ######## ########     ###     ######  ########
     ##        ##  ##     ## ##       ##     ##  ##   ##  ##       ##
     ######    ##  ########  ######   ########  #########  ######  ######
     ##        ##  ##    ##  ##       ##     ## ##     ##       ## ##
     ##       #### ##     ## ######## ########  ##     ##  ######  ########

You're about to initialize a Firebase project in this directory:

  C:\Users\ahmed\Documents\Books and Resources\Webpage and shit\MERN\Assignment\Backend

[debug] [2025-11-13T17:42:27.177Z] ExitPromptError: User force closed the prompt with SIGINT
    at Interface.sigint (C:\Users\ahmed\AppData\Roaming\npm\node_modules\firebase-tools\node_modules\@inquirer\core\dist\commonjs\lib\create-prompt.js:101:37)
    at Interface.emit (node:events:518:28)
    at Interface.emit (node:domain:489:12)
    at [_ttyWrite] [as _ttyWrite] (node:internal/readline/interface:1132:18)
    at ReadStream.onkeypress (node:internal/readline/interface:271:20)
    at ReadStream.emit (node:events:530:35)
    at ReadStream.emit (node:domain:489:12)
    at emitKeys (node:internal/readline/utils:370:14)
    at emitKeys.next (<anonymous>)
    at ReadStream.onData (node:internal/readline/emitKeypressEvents:64:36)
[error] 
[error] Error: An unexpected error has occurred.
